Added Component: Designator=C1(C0805)
Added Component: Designator=J1(8P-P2.54)
Added Component: Designator=R1(R0805)
Added Component: Designator=R2(R0805)
Added Component: Designator=R3(R0805)
Added Component: Designator=st1(st7735s)
Added Component: Designator=U1(s8050)
Added Pin To Net: NetName=+3.3 Pin=C1-1
Added Pin To Net: NetName=+3.3 Pin=J1-1
Added Pin To Net: NetName=+3.3 Pin=R1-1
Added Pin To Net: NetName=+3.3 Pin=st1-10
Added Pin To Net: NetName=+3.3 Pin=st1-12
Added Net: Name=+3.3
Added Pin To Net: NetName=GND Pin=C1-2
Added Pin To Net: NetName=GND Pin=J1-2
Added Pin To Net: NetName=GND Pin=st1-8
Added Pin To Net: NetName=GND Pin=st1-13
Added Pin To Net: NetName=GND Pin=U1-2
Added Net: Name=GND
Added Pin To Net: NetName=LEDK Pin=R2-2
Added Pin To Net: NetName=LEDK Pin=st1-11
Added Net: Name=LEDK
Added Pin To Net: NetName=NetR1_2 Pin=R1-2
Added Pin To Net: NetName=NetR1_2 Pin=R3-2
Added Pin To Net: NetName=NetR1_2 Pin=U1-1
Added Net: Name=NetR1_2
Added Pin To Net: NetName=NetR2_1 Pin=R2-1
Added Pin To Net: NetName=NetR2_1 Pin=U1-3
Added Net: Name=NetR2_1
Added Pin To Net: NetName=TFT_BLK Pin=J1-5
Added Pin To Net: NetName=TFT_BLK Pin=R3-1
Added Net: Name=TFT_BLK
Added Pin To Net: NetName=TFT_CS Pin=J1-4
Added Pin To Net: NetName=TFT_CS Pin=st1-7
Added Net: Name=TFT_CS
Added Pin To Net: NetName=TFT_DC Pin=J1-6
Added Pin To Net: NetName=TFT_DC Pin=st1-5
Added Net: Name=TFT_DC
Added Pin To Net: NetName=TFT_RES Pin=J1-3
Added Pin To Net: NetName=TFT_RES Pin=st1-6
Added Net: Name=TFT_RES
Added Pin To Net: NetName=TFT_SCL Pin=J1-7
Added Pin To Net: NetName=TFT_SCL Pin=st1-4
Added Net: Name=TFT_SCL
Added Pin To Net: NetName=TFT_SDA Pin=J1-8
Added Pin To Net: NetName=TFT_SDA Pin=st1-3
Added Net: Name=TFT_SDA
Added Class: Name=extern
Added Room: Name=extern
